2019-08-08 15:27:59,409 [main] INFO  o.s.c.s.PostProcessorRegistrationDelegate$BeanPostProcessorChecker[330] = Bean 'org.springframework.cloud.autoconfigure.ConfigurationPropertiesRebinderAutoConfiguration' of type [org.springframework.cloud.autoconfigure.ConfigurationPropertiesRebinderAutoConfiguration$$EnhancerBySpringCGLIB$$bf5db65f] is not eligible for getting processed by all BeanPostProcessors (for example: not eligible for auto-proxying)
2019-08-08 15:27:59,903 [main] INFO  o.s.c.b.c.PropertySourceBootstrapConfiguration[101] = Located property source: CompositePropertySource {name='NACOS', propertySources=[NacosPropertySource {name='springcloud-nacos-discovery-provider.yml'}]}
2019-08-08 15:27:59,909 [main] INFO     c.o.h.h.HoneybadgerSystem1Application[646] = No active profile set, falling back to default profiles: default
2019-08-08 15:28:00,814 [main] ERROR   o.s.b.d.LoggingFailureAnalysisReporter[40] = 

***************************
APPLICATION FAILED TO START
***************************

Description:

client error: invalid param. null

Action:

please check your client configuration

2019-08-08 15:33:15,343 [main] INFO  o.s.c.s.PostProcessorRegistrationDelegate$BeanPostProcessorChecker[330] = Bean 'org.springframework.cloud.autoconfigure.ConfigurationPropertiesRebinderAutoConfiguration' of type [org.springframework.cloud.autoconfigure.ConfigurationPropertiesRebinderAutoConfiguration$$EnhancerBySpringCGLIB$$dfd194b1] is not eligible for getting processed by all BeanPostProcessors (for example: not eligible for auto-proxying)
2019-08-08 15:33:15,719 [main] INFO  o.s.c.b.c.PropertySourceBootstrapConfiguration[101] = Located property source: CompositePropertySource {name='NACOS', propertySources=[NacosPropertySource {name='springcloud-nacos-discovery-provider.springcloud-nacos-discovery-provider.yml'}]}
2019-08-08 15:33:15,722 [main] INFO     c.o.h.h.HoneybadgerSystem1Application[646] = No active profile set, falling back to default profiles: default
2019-08-08 15:33:16,082 [main] ERROR   o.s.b.d.LoggingFailureAnalysisReporter[40] = 

***************************
APPLICATION FAILED TO START
***************************

Description:

client error: invalid param. null

Action:

please check your client configuration

2019-08-08 15:34:59,041 [main] INFO  o.s.c.s.PostProcessorRegistrationDelegate$BeanPostProcessorChecker[330] = Bean 'org.springframework.cloud.autoconfigure.ConfigurationPropertiesRebinderAutoConfiguration' of type [org.springframework.cloud.autoconfigure.ConfigurationPropertiesRebinderAutoConfiguration$$EnhancerBySpringCGLIB$$684e7ba6] is not eligible for getting processed by all BeanPostProcessors (for example: not eligible for auto-proxying)
2019-08-08 15:34:59,442 [main] INFO    o.s.c.a.n.c.NacosPropertySourceBuilder[87] = Loading nacos data, dataId: 'springcloud-nacos-discovery-provider.yml', group: 'DEFAULT_GROUP'
2019-08-08 15:34:59,456 [main] INFO  o.s.c.b.c.PropertySourceBootstrapConfiguration[101] = Located property source: CompositePropertySource {name='NACOS', propertySources=[NacosPropertySource {name='springcloud-nacos-discovery-provider.yml'}]}
2019-08-08 15:34:59,460 [main] INFO     c.o.h.h.HoneybadgerSystem1Application[646] = No active profile set, falling back to default profiles: default
2019-08-08 15:34:59,860 [main] ERROR   o.s.b.d.LoggingFailureAnalysisReporter[40] = 

***************************
APPLICATION FAILED TO START
***************************

Description:

client error: invalid param. null

Action:

please check your client configuration

